<?xml version="1.0" encoding="UTF-8"?>
<testsuite name="TestSuite" time="0.105" tests="2" errors="0" skipped="0" failures="0">
  <properties>
    <property name="PROCESSOR_ARCHITECTURE" value="AMD64"/>
    <property name="ProgramData" value="C:\ProgramData"/>
    <property name="java.home" value="C:\Program Files\Java\jdk-11"/>
    <property name="NODE_NAME" value="built-in"/>
    <property name="JENKINS_URL" value="http://localhost:8081/"/>
    <property name="ALLUSERSPROFILE" value="C:\ProgramData"/>
    <property name="PSModulePath" value="C:\Program Files (x86)\WindowsPowerShell\Modules;C:\Windows\system32\WindowsPowerShell\v1.0\Modules"/>
    <property name="USERDOMAIN" value="WORKGROUP"/>
    <property name="sun.os.patch.level" value=""/>
    <property name="java.vendor.url" value="https://openjdk.java.net/"/>
    <property name="CommonProgramFiles(x86)" value="C:\Program Files (x86)\Common Files"/>
    <property name="java.version" value="11.0.22"/>
    <property name="JOB_NAME" value="Regression_Suit"/>
    <property name="COMPUTERNAME" value="DESKTOP-CMMN98B"/>
    <property name="ANDROID_HOME" value="C:\Users\hii\AppData\Local\Android\Sdk"/>
    <property name="java.vendor.url.bug" value="https://bugreport.java.com/bugreport/"/>
    <property name="PUBLIC" value="C:\Users\Public"/>
    <property name="java.version.date" value="2024-01-16"/>
    <property name="jdk.debug" value="release"/>
    <property name="user.name" value="DESKTOP-CMMN98B$"/>
    <property name="sun.io.unicode.encoding" value="UnicodeLittle"/>
    <property name="sun.jnu.encoding" value="Cp1252"/>
    <property name="java.runtime.name" value="Java(TM) SE Runtime Environment"/>
    <property name="windir" value="C:\Windows"/>
    <property name="PROCESSOR_IDENTIFIER" value="Intel64 Family 6 Model 42 Stepping 7, GenuineIntel"/>
    <property name="java.specification.name" value="Java Platform API Specification"/>
    <property name="LOCALAPPDATA" value="C:\Windows\system32\config\systemprofile\AppData\Local"/>
    <property name="RUN_CHANGES_DISPLAY_URL" value="http://localhost:8081/job/Regression_Suit/27/display/redirect?page=changes"/>
    <property name="user.timezone" value="Asia/Calcutta"/>
    <property name="user.script" value=""/>
    <property name="path.separator" value=";"/>
    <property name="NUMBER_OF_PROCESSORS" value="4"/>
    <property name="BUILD_TAG" value="jenkins-Regression_Suit-27"/>
    <property name="file.encoding" value="Cp1252"/>
    <property name="sun.java.command" value="jenkins.maven3.agent.Maven35Main C:\apache-maven-3.9.2 C:\ProgramData\Jenkins\war\WEB-INF\lib\remoting-3206.vb_15dcf73f6a_9.jar C:\ProgramData\Jenkins\.jenkins\plugins\maven-plugin\WEB-INF\lib\maven35-interceptor-1.14.jar C:\ProgramData\Jenkins\.jenkins\plugins\maven-plugin\WEB-INF\lib\maven3-interceptor-commons-1.14.jar 55391"/>
    <property name="HUDSON_URL" value="http://localhost:8081/"/>
    <property name="JENKINS_SERVER_COOKIE" value="646cce796b7f648d"/>
    <property name="EXECUTOR_NUMBER" value="1"/>
    <property name="Path" value="C:\Program Files\Java\jdk-11/bin;C:\Program Files\Java\jdk-17\bin;C:\Program Files\Common Files\Oracle\Java\javapath;C:\Program Files (x86)\Common Files\Oracle\Java\javapath;E:\oracle\product\10.2.0\db_2\bin;C:\apache-maven-3.9.2\bin;C:\apache-maven-3.9.2\bin;C:\apache-maven-3.9.2\bin;E:\oracle\product\10.2.0\db_1\bin;C:\Windows\system32;C:\Windows;C:\Windows\System32\Wbem;C:\Windows\System32\WindowsPowerShell\v1.0\;C:\Windows\System32\OpenSSH\;C:\Program Files\Git\cmd;%JMETER_HOME%\bin;C:\Users\hii\AppData\Local\Android\Sdk\tools;C:\Users\hii\AppData\Local\Android\Sdk\platform-tools;C:\Users\hii\AppData\Local\Android\Sdk\build-tools;C:\Program Files\MySQL\MySQL Server 8.0\bin;C:\Program Files\nodejs\;C:\Program Files\Java\jdk-17\bin;C:\Program Files\Java\jdk-11\bin;C:\Program Files\Java\jdk-21\bin;C:\Windows\system32\config\systemprofile\AppData\Local\Microsoft\WindowsApps"/>
    <property name="WINSW_SERVICE_ID" value="jenkins"/>
    <property name="GIT_COMMIT" value="91fa3655aa0016b17400badbe440db1cd800f24a"/>
    <property name="BASE" value="E:\jenkin"/>
    <property name="java.io.tmpdir" value="C:\Windows\TEMP\"/>
    <property name="APPDATA" value="C:\Windows\system32\config\systemprofile\AppData\Roaming"/>
    <property name="user.language" value="en"/>
    <property name="line.separator" value="&#10;"/>
    <property name="BUILD_URL" value="http://localhost:8081/job/Regression_Suit/27/"/>
    <property name="M2_HOME" value="C:\apache-maven-3.9.2"/>
    <property name="env" value="https://testing.env.com"/>
    <property name="java.vm.info" value="mixed mode"/>
    <property name="DriverData" value="C:\Windows\System32\Drivers\DriverData"/>
    <property name="Browser" value="Chrome"/>
    <property name="sun.desktop" value="windows"/>
    <property name="java.vm.specification.name" value="Java Virtual Machine Specification"/>
    <property name="CI" value="true"/>
    <property name="BUILD_DISPLAY_NAME" value="#27"/>
    <property name="OS" value="Windows_NT"/>
    <property name="guice.disable.misplaced.annotation.check" value="true"/>
    <property name="HUDSON_SERVER_COOKIE" value="646cce796b7f648d"/>
    <property name="WORKSPACE_TMP" value="C:\ProgramData\Jenkins\.jenkins\workspace\Regression_Suit@tmp"/>
    <property name="MAVEN_HOME" value="C:\apache-maven-3.9.2"/>
    <property name="PATHEXT" value=".COM;.EXE;.BAT;.CMD;.VBS;.VBE;.JS;.JSE;.WSF;.WSH;.MSC"/>
    <property name="java.awt.printerjob" value="sun.awt.windows.WPrinterJob"/>
    <property name="maven3.interceptor.common" value="C:\ProgramData\Jenkins\.jenkins\plugins\maven-plugin\WEB-INF\lib\maven3-interceptor-commons-1.14.jar"/>
    <property name="CLASSPATH" value=""/>
    <property name="jansi.mode" value="strip"/>
    <property name="os.name" value="Windows 10"/>
    <property name="java.specification.vendor" value="Oracle Corporation"/>
    <property name="BUILD_NUMBER" value="27"/>
    <property name="java.vm.name" value="Java HotSpot(TM) 64-Bit Server VM"/>
    <property name="maven3.interceptor" value="C:\ProgramData\Jenkins\.jenkins\plugins\maven-plugin\WEB-INF\lib\maven35-interceptor-1.14.jar"/>
    <property name="java.library.path" value="C:\Program Files\Java\jdk-11\bin;C:\Windows\Sun\Java\bin;C:\Windows\system32;C:\Windows;C:\apache-maven-3.9.2/bin;C:\Program Files\Java\jdk-11/bin;C:\Program Files\Java\jdk-11/bin;C:\Program Files\Java\jdk-17\bin;C:\Program Files\Common Files\Oracle\Java\javapath;C:\Program Files (x86)\Common Files\Oracle\Java\javapath;E:\oracle\product\10.2.0\db_2\bin;C:\apache-maven-3.9.2\bin;C:\apache-maven-3.9.2\bin;C:\apache-maven-3.9.2\bin;E:\oracle\product\10.2.0\db_1\bin;C:\Windows\system32;C:\Windows;C:\Windows\System32\Wbem;C:\Windows\System32\WindowsPowerShell\v1.0\;C:\Windows\System32\OpenSSH\;C:\Program Files\Git\cmd;%JMETER_HOME%\bin;C:\Users\hii\AppData\Local\Android\Sdk\tools;C:\Users\hii\AppData\Local\Android\Sdk\platform-tools;C:\Users\hii\AppData\Local\Android\Sdk\build-tools;C:\Program Files\MySQL\MySQL Server 8.0\bin;C:\Program Files\nodejs\;C:\Program Files\Java\jdk-17\bin;C:\Program Files\Java\jdk-11\bin;C:\Program Files\Java\jdk-21\bin;C:\Windows\system32\config\systemprofile\AppData\Local\Microsoft\WindowsApps;."/>
    <property name="WINSW_EXECUTABLE" value="E:\jenkin\jenkins.exe"/>
    <property name="POM_GROUPID" value="Jenkins"/>
    <property name="POM_ARTIFACTID" value="Jenkins"/>
    <property name="java.class.version" value="55.0"/>
    <property name="JOB_URL" value="http://localhost:8081/job/Regression_Suit/"/>
    <property name="Suit_Execution" value="RT"/>
    <property name="GIT_PREVIOUS_COMMIT" value="91fa3655aa0016b17400badbe440db1cd800f24a"/>
    <property name="GIT_BRANCH" value="origin/master"/>
    <property name="RUN_DISPLAY_URL" value="http://localhost:8081/job/Regression_Suit/27/display/redirect"/>
    <property name="JENKINS_HOME" value="C:\ProgramData\Jenkins\.jenkins"/>
    <property name="BUILD_ID" value="27"/>
    <property name="TEMP" value="C:\Windows\TEMP"/>
    <property name="sun.boot.library.path" value="C:\Program Files\Java\jdk-11\bin"/>
    <property name="sun.management.compiler" value="HotSpot 64-Bit Tiered Compilers"/>
    <property name="java.awt.graphicsenv" value="sun.awt.Win32GraphicsEnvironment"/>
    <property name="user.variant" value=""/>
    <property name="PROCESSOR_REVISION" value="2a07"/>
    <property name="POM_VERSION" value="0.0.1-SNAPSHOT"/>
    <property name="Env" value="https://testing.env.com"/>
    <property name="HUDSON_HOME" value="C:\ProgramData\Jenkins\.jenkins"/>
    <property name="GIT_PREVIOUS_SUCCESSFUL_COMMIT" value="6f8526cb4c6d5c4851fe4ea32c4a41eff63582cb"/>
    <property name="ProgramFiles(x86)" value="C:\Program Files (x86)"/>
    <property name="PATH+MAVEN" value="C:\apache-maven-3.9.2/bin"/>
    <property name="RUN_ARTIFACTS_DISPLAY_URL" value="http://localhost:8081/job/Regression_Suit/27/display/redirect?page=artifacts"/>
    <property name="java.vm.specification.version" value="11"/>
    <property name="JAVA_HOME" value="C:\Program Files\Java\jdk-11"/>
    <property name="awt.toolkit" value="sun.awt.windows.WToolkit"/>
    <property name="NODE_LABELS" value="built-in"/>
    <property name="sun.cpu.isalist" value="amd64"/>
    <property name="USERPROFILE" value="C:\Windows\system32\config\systemprofile"/>
    <property name="java.vm.compressedOopsMode" value="32-bit"/>
    <property name="JOB_DISPLAY_URL" value="http://localhost:8081/job/Regression_Suit/display/redirect"/>
    <property name="os.version" value="10.0"/>
    <property name="user.home" value="C:\Windows\system32\config\systemprofile"/>
    <property name="USERNAME" value="DESKTOP-CMMN98B$"/>
    <property name="java.vm.vendor" value="Oracle Corporation"/>
    <property name="PROCESSOR_LEVEL" value="6"/>
    <property name="CommonProgramW6432" value="C:\Program Files\Common Files"/>
    <property name="user.dir" value="G:\Jenkins"/>
    <property name="maven.conf" value="C:\apache-maven-3.9.2\conf"/>
    <property name="ProgramW6432" value="C:\Program Files"/>
    <property name="TMP" value="C:\Windows\TEMP"/>
    <property name="sun.cpu.endian" value="little"/>
    <property name="SystemDrive" value="C:"/>
    <property name="java.vm.version" value="11.0.22+9-LTS-219"/>
    <property name="java.class.path" value="C:\ProgramData\Jenkins\.jenkins\plugins\maven-plugin\WEB-INF\lib\maven35-agent-1.14.jar;C:\apache-maven-3.9.2\boot\plexus-classworlds-2.7.0.jar;C:\apache-maven-3.9.2/conf/logging"/>
    <property name="org.slf4j.simpleLogger.defaultLogLevel" value="info"/>
    <property name="os.arch" value="amd64"/>
    <property name="WORKSPACE" value="C:\ProgramData\Jenkins\.jenkins\workspace\Regression_Suit"/>
    <property name="ComSpec" value="C:\Windows\system32\cmd.exe"/>
    <property name="RUN_TESTS_DISPLAY_URL" value="http://localhost:8081/job/Regression_Suit/27/display/redirect?page=tests"/>
    <property name="sun.java.launcher" value="SUN_STANDARD"/>
    <property name="SERVICE_ID" value="jenkins"/>
    <property name="java.specification.maintenance.version" value="2"/>
    <property name="SystemRoot" value="C:\Windows"/>
    <property name="CommonProgramFiles" value="C:\Program Files\Common Files"/>
    <property name="java.vm.specification.vendor" value="Oracle Corporation"/>
    <property name="file.separator" value="\"/>
    <property name="java.runtime.version" value="11.0.22+9-LTS-219"/>
    <property name="ProgramFiles" value="C:\Program Files"/>
    <property name="PATH+JDK" value="C:\Program Files\Java\jdk-11/bin"/>
    <property name="user.country" value="US"/>
    <property name="PERL5LIB" value="E:\oracle\product\10.2.0\db_2\perl\5.8.3\lib\MSWin32-x86;E:\oracle\product\10.2.0\db_2\perl\5.8.3\lib;E:\oracle\product\10.2.0\db_2\perl\5.8.3\lib\MSWin32-x86;E:\oracle\product\10.2.0\db_2\perl\site\5.8.3;E:\oracle\product\10.2.0\db_2\perl\site\5.8.3\lib;E:\oracle\product\10.2.0\db_2\sysman\admin\scripts;E:\oracle\product\10.2.0\db_1\perl\5.8.3\lib\MSWin32-x86;E:\oracle\product\10.2.0\db_1\perl\5.8.3\lib;E:\oracle\product\10.2.0\db_1\perl\5.8.3\lib\MSWin32-x86;E:\oracle\product\10.2.0\db_1\perl\site\5.8.3;E:\oracle\product\10.2.0\db_1\perl\site\5.8.3\lib;E:\oracle\product\10.2.0\db_1\sysman\admin\scripts;"/>
    <property name="POM_PACKAGING" value="jar"/>
    <property name="maven.home" value="C:\apache-maven-3.9.2"/>
    <property name="JOB_BASE_NAME" value="Regression_Suit"/>
    <property name="java.vendor.version" value="18.9"/>
    <property name="java.vendor" value="Oracle Corporation"/>
    <property name="java.specification.version" value="11"/>
    <property name="POM_DISPLAYNAME" value="Jenkins"/>
    <property name="GIT_URL" value="https://github.com/razamd260/OrgModule.git"/>
    <property name="sun.arch.data.model" value="64"/>
  </properties>
  <testcase name="CreateContect" classname="Contact.Contact" time="0.1"/>
  <testcase name="createOrg" classname="Org.OrgCreate" time="0.005"/>
</testsuite>