<?xml version="1.0" encoding="UTF-8"?>
<!-- Generated by org.testng.reporters.JUnitReportReporter -->
<testsuite hostname="DESKTOP-CMMN98B" failures="0" tests="1" name="Contact.Contact" time="0.826" errors="0" timestamp="2024-08-11T10:52:19 IST" skipped="0">
  <testcase classname="Contact.Contact" name="clickContact" time="0.826"/>
</testsuite> <!-- Contact.Contact -->
