<?xml version="1.0" encoding="UTF-8"?>
<!-- Generated by org.testng.reporters.JUnitReportReporter -->
<testsuite hostname="DESKTOP-CMMN98B" failures="0" tests="1" name="Contact.Contact" time="0.505" errors="0" timestamp="10 Aug 2024 03:17:22 GMT" skipped="0">
  <testcase classname="Contact.Contact" name="CreateContect" time="0.505"/>
</testsuite> <!-- Contact.Contact -->
