<?xml version="1.0" encoding="UTF-8"?>
<!-- Generated by org.testng.reporters.JUnitReportReporter -->
<testsuite hostname="DESKTOP-CMMN98B" failures="0" tests="1" name="Org.OrgCreate" time="0.007" errors="0" timestamp="2024-08-11T14:38:26 IST" skipped="0">
  <testcase classname="Org.OrgCreate" name="createOrg" time="0.007"/>
</testsuite> <!-- Org.OrgCreate -->
