<?xml version="1.0" encoding="UTF-8"?>
<!-- Generated by org.testng.reporters.JUnitReportReporter -->
<testsuite hostname="DESKTOP-CMMN98B" failures="0" tests="1" name="Contact.Contact" time="0.017" errors="0" timestamp="2024-08-11T14:18:02 IST" skipped="0">
  <testcase classname="Contact.Contact" name="CreateContect" time="0.017"/>
</testsuite> <!-- Contact.Contact -->
