<?xml version="1.0" encoding="UTF-8"?>
<!-- Generated by org.testng.reporters.JUnitReportReporter -->
<testsuite hostname="DESKTOP-CMMN98B" failures="0" tests="1" name="Org.OrgCreate" time="0.010" errors="0" timestamp="2024-08-12T10:48:31 IST" skipped="0">
  <testcase classname="Org.OrgCreate" name="createOrg" time="0.010"/>
</testsuite> <!-- Org.OrgCreate -->
